[01m[K/home/tianbot/chiang_xarm_ws/src/xarm_ros/my_xarm6/src/movegroup_test.cpp:[m[K In function â€˜[01m[Kbool ReadCameraData(std::__cxx11::string, std::vector<geometry_msgs::Pose_<std::allocator<void> > >&)[m[Kâ€™:
[01m[K/home/tianbot/chiang_xarm_ws/src/xarm_ros/my_xarm6/src/movegroup_test.cpp:309:34:[m[K [01;31m[Kerror: [m[Kdeclaration of â€˜[01m[Kstd::vector<geometry_msgs::Pose_<std::allocator<void> > > waypoints[m[Kâ€™ shadows a parameter
 std::vector<geometry_msgs::Pose> [01;31m[Kwaypoints[m[K;
                                  [01;31m[K^~~~~~~~~[m[K
[01m[K/home/tianbot/chiang_xarm_ws/src/xarm_ros/my_xarm6/src/movegroup_test.cpp:310:25:[m[K [01;31m[Kerror: [m[Kcould not convert â€˜[01m[Kwaypoints[m[Kâ€™ from â€˜[01m[Kstd::vector<geometry_msgs::Pose_<std::allocator<void> > >[m[Kâ€™ to â€˜[01m[Kstd::__cxx11::string {aka std::__cxx11::basic_string<char>}[m[Kâ€™
 ReadCameraData(waypoints[01;31m[K)[m[K;
                         [01;31m[K^[m[K
make[2]: *** [CMakeFiles/movegroup_test.dir/src/movegroup_test.cpp.o] Error 1
make[1]: *** [CMakeFiles/movegroup_test.dir/all] Error 2
make: *** [all] Error 2
