[01m[K/home/tianbot/chiang_xarm_ws/src/xarm_ros/my_xarm6/src/movegroup_test.cpp:12:9:[m[K [01;31m[Kfatal error: [m[Kxarm_api/include/xarm_driver.h: æ²¡æœ‰é‚£ä¸ªæ–‡ä»¶æˆ–ç›®å½•
 #include[01;31m[K<xarm_api/include/xarm_driver.h>[m[K
         [01;31m[K^~~~~~~~~~~~~~~~~~~~~~~~~~~~~~~~[m[K
compilation terminated.
make[2]: *** [CMakeFiles/movegroup_test.dir/src/movegroup_test.cpp.o] Error 1
make[1]: *** [CMakeFiles/movegroup_test.dir/all] Error 2
make: *** [all] Error 2
