[01m[K/home/tianbot/chiang_xarm_ws/src/xarm_ros/my_xarm6/src/movegroup_test.cpp:[m[K In function â€˜[01m[Kint main(int, char**)[m[Kâ€™:
[01m[K/home/tianbot/chiang_xarm_ws/src/xarm_ros/my_xarm6/src/movegroup_test.cpp:74:54:[m[K [01;31m[Kerror: [m[Kredeclaration of â€˜[01m[Kmoveit::planning_interface::MoveGroupInterface::Plan my_plan[m[Kâ€™
 moveit::planning_interface::MoveGroupInterface::Plan [01;31m[Kmy_plan[m[K;
                                                      [01;31m[K^~~~~~~[m[K
[01m[K/home/tianbot/chiang_xarm_ws/src/xarm_ros/my_xarm6/src/movegroup_test.cpp:58:54:[m[K [01;36m[Knote: [m[Kâ€˜[01m[Kmoveit::planning_interface::MoveGroupInterface::Plan my_plan[m[Kâ€™ previously declared here
 moveit::planning_interface::MoveGroupInterface::Plan [01;36m[Kmy_plan[m[K;
                                                      [01;36m[K^~~~~~~[m[K
[01m[K/home/tianbot/chiang_xarm_ws/src/xarm_ros/my_xarm6/src/movegroup_test.cpp:75:6:[m[K [01;31m[Kerror: [m[Kredeclaration of â€˜[01m[Kbool success[m[Kâ€™
 bool [01;31m[Ksuccess[m[K=(move_group.plan(my_plan) == moveit::planning_interface::MoveItErrorCode::SUCCESS);
      [01;31m[K^~~~~~~[m[K
[01m[K/home/tianbot/chiang_xarm_ws/src/xarm_ros/my_xarm6/src/movegroup_test.cpp:59:6:[m[K [01;36m[Knote: [m[Kâ€˜[01m[Kbool success[m[Kâ€™ previously declared here
 bool [01;36m[Ksuccess[m[K=(move_group.plan(my_plan) == moveit::planning_interface::MoveItErrorCode::SUCCESS);
      [01;36m[K^~~~~~~[m[K
[01m[K/home/tianbot/chiang_xarm_ws/src/xarm_ros/my_xarm6/src/movegroup_test.cpp:90:54:[m[K [01;31m[Kerror: [m[Kredeclaration of â€˜[01m[Kmoveit::planning_interface::MoveGroupInterface::Plan my_plan[m[Kâ€™
 moveit::planning_interface::MoveGroupInterface::Plan [01;31m[Kmy_plan[m[K;
                                                      [01;31m[K^~~~~~~[m[K
[01m[K/home/tianbot/chiang_xarm_ws/src/xarm_ros/my_xarm6/src/movegroup_test.cpp:58:54:[m[K [01;36m[Knote: [m[Kâ€˜[01m[Kmoveit::planning_interface::MoveGroupInterface::Plan my_plan[m[Kâ€™ previously declared here
 moveit::planning_interface::MoveGroupInterface::Plan [01;36m[Kmy_plan[m[K;
                                                      [01;36m[K^~~~~~~[m[K
[01m[K/home/tianbot/chiang_xarm_ws/src/xarm_ros/my_xarm6/src/movegroup_test.cpp:91:6:[m[K [01;31m[Kerror: [m[Kredeclaration of â€˜[01m[Kbool success[m[Kâ€™
 bool [01;31m[Ksuccess[m[K=(move_group.plan(my_plan) == moveit::planning_interface::MoveItErrorCode::SUCCESS);
      [01;31m[K^~~~~~~[m[K
[01m[K/home/tianbot/chiang_xarm_ws/src/xarm_ros/my_xarm6/src/movegroup_test.cpp:59:6:[m[K [01;36m[Knote: [m[Kâ€˜[01m[Kbool success[m[Kâ€™ previously declared here
 bool [01;36m[Ksuccess[m[K=(move_group.plan(my_plan) == moveit::planning_interface::MoveItErrorCode::SUCCESS);
      [01;36m[K^~~~~~~[m[K
make[2]: *** [CMakeFiles/movegroup_test.dir/src/movegroup_test.cpp.o] Error 1
make[1]: *** [CMakeFiles/movegroup_test.dir/all] Error 2
make: *** [all] Error 2
