[01m[K/home/tianbot/chiang_xarm_ws/src/xarm_ros/my_xarm6/src/movegroup_test.cpp:[m[K In function â€˜[01m[Kint main(int, char**)[m[Kâ€™:
[01m[K/home/tianbot/chiang_xarm_ws/src/xarm_ros/my_xarm6/src/movegroup_test.cpp:188:6:[m[K [01;31m[Kerror: [m[Kâ€˜[01m[Karm[m[Kâ€™ was not declared in this scope
      [01;31m[Karm[m[K.execute(trajectory);
      [01;31m[K^~~[m[K
[01m[K/home/tianbot/chiang_xarm_ws/src/xarm_ros/my_xarm6/src/movegroup_test.cpp:188:6:[m[K [01;36m[Knote: [m[Ksuggested alternative: â€˜[01m[Kargc[m[Kâ€™
      [01;36m[Karm[m[K.execute(trajectory);
      [01;36m[K^~~[m[K
      [32m[Kargc[m[K
make[2]: *** [CMakeFiles/movegroup_test.dir/src/movegroup_test.cpp.o] Error 1
make[1]: *** [CMakeFiles/movegroup_test.dir/all] Error 2
make: *** [all] Error 2
