[01m[K/home/tianbot/chiang_xarm_ws/src/xarm_ros/my_realarm_test/src/realarm_test.cpp:[m[K In function â€˜[01m[Kint move_lineb_test(xarm_msgs::Move, ros::ServiceClient)[m[Kâ€™:
[01m[K/home/tianbot/chiang_xarm_ws/src/xarm_ros/my_realarm_test/src/realarm_test.cpp:90:5:[m[K [01;31m[Kerror: [m[Kexpected initializer before â€˜[01m[Kfor[m[Kâ€™
     [01;31m[Kfor[m[K (int i = 0; i < waypoints.size(); i++)
     [01;31m[K^~~[m[K
[01m[K/home/tianbot/chiang_xarm_ws/src/xarm_ros/my_realarm_test/src/realarm_test.cpp:90:21:[m[K [01;31m[Kerror: [m[Kâ€˜[01m[Ki[m[Kâ€™ was not declared in this scope
     for (int i = 0; [01;31m[Ki[m[K < waypoints.size(); i++)
                     [01;31m[K^[m[K
make[2]: *** [CMakeFiles/realarm_test.dir/src/realarm_test.cpp.o] Error 1
make[1]: *** [CMakeFiles/realarm_test.dir/all] Error 2
make: *** [all] Error 2
