[01m[K/home/tianbot/chiang_xarm_ws/src/xarm_ros/my_realarm_test/src/realarm_servo_cart.cpp:[m[K In function â€˜[01m[Kint servo_cart_test(xarm_msgs::Move&, ros::ServiceClient&)[m[Kâ€™:
[01m[K/home/tianbot/chiang_xarm_ws/src/xarm_ros/my_realarm_test/src/realarm_servo_cart.cpp:57:24:[m[K [01;31m[Kerror: [m[Kâ€˜[01m[Kinc[m[Kâ€™ was not declared in this scope
     srv.request.pose = [01;31m[Kinc[m[K;
                        [01;31m[K^~~[m[K
[01m[K/home/tianbot/chiang_xarm_ws/src/xarm_ros/my_realarm_test/src/realarm_servo_cart.cpp:57:24:[m[K [01;36m[Knote: [m[Ksuggested alternative: â€˜[01m[Kint[m[Kâ€™
     srv.request.pose = [01;36m[Kinc[m[K;
                        [01;36m[K^~~[m[K
                        [32m[Kint[m[K
make[2]: *** [CMakeFiles/realarm_servo_cart.dir/src/realarm_servo_cart.cpp.o] Error 1
make[1]: *** [CMakeFiles/realarm_servo_cart.dir/all] Error 2
make: *** [all] Error 2
