[ 50%] Built target realarm_servo_cart
[35m[1mScanning dependencies of target realarm_test[0m
[ 75%] [32mBuilding CXX object CMakeFiles/realarm_test.dir/src/realarm_test.cpp.o[0m
[01m[K/home/tianbot/chiang_xarm_ws/src/xarm_ros/my_realarm_test/src/realarm_test.cpp:[m[K In function â€˜[01m[Kint move_lineb_test(xarm_msgs::Move, ros::ServiceClient)[m[Kâ€™:
[01m[K/home/tianbot/chiang_xarm_ws/src/xarm_ros/my_realarm_test/src/realarm_test.cpp:144:1:[m[K [01;31m[Kerror: [m[Ka function-definition is not allowed here before â€˜[01m[K{[m[Kâ€™ token
 [01;31m[K{[m[K
 [01;31m[K^[m[K
[01m[K/home/tianbot/chiang_xarm_ws/src/xarm_ros/my_realarm_test/src/realarm_test.cpp:211:1:[m[K [01;31m[Kerror: [m[Kexpected â€˜[01m[K}[m[Kâ€™ at end of input
 [01;31m[K}[m[K
 [01;31m[K^[m[K
CMakeFiles/realarm_test.dir/build.make:62: recipe for target 'CMakeFiles/realarm_test.dir/src/realarm_test.cpp.o' failed
make[2]: *** [CMakeFiles/realarm_test.dir/src/realarm_test.cpp.o] Error 1
CMakeFiles/Makefile2:104: recipe for target 'CMakeFiles/realarm_test.dir/all' failed
make[1]: *** [CMakeFiles/realarm_test.dir/all] Error 2
Makefile:140: recipe for target 'all' failed
make: *** [all] Error 2
